500
PLACES:threads|BIND:CLOSE,NO OPT-NO MAVX,2 threads,One argument expected.
ERROR ALOCANDO MEMORIA
ERROR ALOCANDO MEMORIA
One argument expected.
ERROR ALOCANDO MEMORIA
ERROR ALOCANDO MEMORIA
One argument expected.
ERROR ALOCANDO MEMORIA
One argument expected.
ERROR ALOCANDO MEMORIA
One argument expected.
ERROR ALOCANDO MEMORIA
One argument expected.
ERROR ALOCANDO MEMORIA

,,4 threads,One argument expected.
ERROR ALOCANDO MEMORIA
One argument expected.
ERROR ALOCANDO MEMORIA
One argument expected.
ERROR ALOCANDO MEMORIA
One argument expected.
ERROR ALOCANDO MEMORIA
One argument expected.
ERROR ALOCANDO MEMORIA

,,8 threads,One argument expected.
ERROR ALOCANDO MEMORIA
One argument expected.
ERROR ALOCANDO MEMORIA
ERROR ALOCANDO MEMORIA
ERROR ALOCANDO MEMORIA
ERROR ALOCANDO MEMORIA
ERROR ALOCANDO MEMORIA
ERROR ALOCANDO MEMORIA
ERROR ALOCANDO MEMORIA
One argument expected.
ERROR ALOCANDO MEMORIA
One argument expected.
ERROR ALOCANDO MEMORIA
One argument expected.
ERROR ALOCANDO MEMORIA

,NO OPT-MAVX,2 threads,One argument expected.
ERROR ALOCANDO MEMORIA
One argument expected.
ERROR ALOCANDO MEMORIA
One argument expected.
ERROR ALOCANDO MEMORIA
One argument expected.
ERROR ALOCANDO MEMORIA
One argument expected.
ERROR ALOCANDO MEMORIA

,,4 threads,One argument expected.
ERROR ALOCANDO MEMORIA
One argument expected.
ERROR ALOCANDO MEMORIA
One argument expected.
ERROR ALOCANDO MEMORIA
One argument expected.
ERROR ALOCANDO MEMORIA
One argument expected.
ERROR ALOCANDO MEMORIA

,,8 threads,One argument expected.
ERROR ALOCANDO MEMORIA
One argument expected.
ERROR ALOCANDO MEMORIA
One argument expected.
ERROR ALOCANDO MEMORIA
One argument expected.
ERROR ALOCANDO MEMORIA
One argument expected.
ERROR ALOCANDO MEMORIA

,OPT-NO MAVX